[debug] [2021-02-12T06:21:18.695Z] ----------------------------------------------------------------------
[debug] [2021-02-12T06:21:18.698Z] Command:       C:\Program Files\nodejs\node.exe C:\Users\HP\AppData\Roaming\npm\node_modules\firebase-tools\lib\bin\firebase.js init
[debug] [2021-02-12T06:21:18.698Z] CLI Version:   9.0.1
[debug] [2021-02-12T06:21:18.698Z] Platform:      win32
[debug] [2021-02-12T06:21:18.698Z] Node Version:  v14.15.0
[debug] [2021-02-12T06:21:18.706Z] Time:          Fri Feb 12 2021 11:51:18 GMT+0530 (India Standard Time)
[debug] [2021-02-12T06:21:18.706Z] ----------------------------------------------------------------------
[debug] [2021-02-12T06:21:18.706Z] 
[debug] [2021-02-12T06:21:18.710Z] >>> [apiv2][query] GET https://firebase-public.firebaseio.com/cli.json [none]
[debug] [2021-02-12T06:21:18.737Z] > command requires scopes: ["email","openid","https://www.googleapis.com/auth/cloudplatformprojects.readonly","https://www.googleapis.com/auth/firebase","https://www.googleapis.com/auth/cloud-platform"]
[debug] [2021-02-12T06:21:18.738Z] > authorizing via signed-in user
[info] 
     ######## #### ########  ######## ########     ###     ######  ########
     ##        ##  ##     ## ##       ##     ##  ##   ##  ##       ##
     ######    ##  ########  ######   ########  #########  ######  ######
     ##        ##  ##    ##  ##       ##     ## ##     ##       ## ##
     ##       #### ##     ## ######## ########  ##     ##  ######  ########

You're about to initialize a Firebase project in this directory:

  C:\Users\HP\Desktop\tasks\cstech\cstech-frontend

[info] 
=== Project Setup
[info] 
[info] First, let's associate this project directory with a Firebase project.
[info] You can create multiple project aliases by running firebase use --add, 
[info] but for now we'll just set up a default project.
[info] 
[info] i  If you want to create a project in a Google Cloud organization or folder, please use "firebase projects:create" instead, and return to this command when you've created the project. 
[debug] [2021-02-12T06:21:40.300Z] > refreshing access token with scopes: ["email","https://www.googleapis.com/auth/cloud-platform","https://www.googleapis.com/auth/cloudplatformprojects.readonly","https://www.googleapis.com/auth/firebase","openid"]
[debug] [2021-02-12T06:21:40.300Z] >>> HTTP REQUEST POST https://www.googleapis.com/oauth2/v3/token  
 <request body omitted>
[debug] [2021-02-12T06:21:40.681Z] <<< HTTP RESPONSE 200 {"cache-control":"no-cache, no-store, max-age=0, must-revalidate","expires":"Mon, 01 Jan 1990 00:00:00 GMT","date":"Fri, 12 Feb 2021 06:21:33 GMT","pragma":"no-cache","content-type":"application/json; charset=utf-8","vary":"X-Origin, Referer, Origin,Accept-Encoding","server":"scaffolding on HTTPServer2","x-xss-protection":"0","x-frame-options":"SAMEORIGIN","x-content-type-options":"nosniff","alt-svc":"h3-29=\":443\"; ma=2592000,h3-T051=\":443\"; ma=2592000,h3-Q050=\":443\"; ma=2592000,h3-Q046=\":443\"; ma=2592000,h3-Q043=\":443\"; ma=2592000,quic=\":443\"; ma=2592000; v=\"46,43\"","accept-ranges":"none","transfer-encoding":"chunked"}
[debug] [2021-02-12T06:21:40.705Z] >>> HTTP REQUEST POST https://cloudresourcemanager.googleapis.com/v1/projects  
 {"projectId":"cstech","name":"cstech"}
[debug] [2021-02-12T06:21:42.634Z] <<< HTTP RESPONSE 409 {"vary":"X-Origin, Referer, Origin,Accept-Encoding","content-type":"application/json; charset=UTF-8","date":"Fri, 12 Feb 2021 06:21:35 GMT","server":"ESF","cache-control":"private","x-xss-protection":"0","x-frame-options":"SAMEORIGIN","x-content-type-options":"nosniff","server-timing":"gfet4t7; dur=1476","alt-svc":"h3-29=\":443\"; ma=2592000,h3-T051=\":443\"; ma=2592000,h3-Q050=\":443\"; ma=2592000,h3-Q046=\":443\"; ma=2592000,h3-Q043=\":443\"; ma=2592000,quic=\":443\"; ma=2592000; v=\"46,43\"","accept-ranges":"none","transfer-encoding":"chunked"}
[debug] [2021-02-12T06:21:42.635Z] <<< HTTP RESPONSE BODY {"error":{"code":409,"message":"Requested entity already exists","status":"ALREADY_EXISTS"}}
[debug] [2021-02-12T06:21:43.077Z] FirebaseError: HTTP Error: 409, Requested entity already exists
    at module.exports (C:\Users\HP\AppData\Roaming\npm\node_modules\firebase-tools\lib\responseToError.js:38:12)
    at Request._callback (C:\Users\HP\AppData\Roaming\npm\node_modules\firebase-tools\lib\api.js:41:35)
    at Request.self.callback (C:\Users\HP\AppData\Roaming\npm\node_modules\firebase-tools\node_modules\request\request.js:185:22)
    at Request.emit (events.js:315:20)
    at Request.EventEmitter.emit (domain.js:486:12)
    at Request.<anonymous> (C:\Users\HP\AppData\Roaming\npm\node_modules\firebase-tools\node_modules\request\request.js:1154:10)
    at Request.emit (events.js:315:20)
    at Request.EventEmitter.emit (domain.js:486:12)
    at IncomingMessage.<anonymous> (C:\Users\HP\AppData\Roaming\npm\node_modules\firebase-tools\node_modules\request\request.js:1076:12)
    at Object.onceWrapper (events.js:421:28)
    at IncomingMessage.emit (events.js:327:22)
    at IncomingMessage.EventEmitter.emit (domain.js:486:12)
    at endReadableNT (_stream_readable.js:1327:12)
    at processTicksAndRejections (internal/process/task_queues.js:80:21)
[error] 
[error] Error: Failed to create project because there is already a project with ID cstech. Please try again with a unique project ID.
[debug] [2021-02-12T06:21:52.152Z] ----------------------------------------------------------------------
[debug] [2021-02-12T06:21:52.154Z] Command:       C:\Program Files\nodejs\node.exe C:\Users\HP\AppData\Roaming\npm\node_modules\firebase-tools\lib\bin\firebase.js init
[debug] [2021-02-12T06:21:52.154Z] CLI Version:   9.0.1
[debug] [2021-02-12T06:21:52.155Z] Platform:      win32
[debug] [2021-02-12T06:21:52.155Z] Node Version:  v14.15.0
[debug] [2021-02-12T06:21:52.156Z] Time:          Fri Feb 12 2021 11:51:52 GMT+0530 (India Standard Time)
[debug] [2021-02-12T06:21:52.156Z] ----------------------------------------------------------------------
[debug] [2021-02-12T06:21:52.156Z] 
[debug] [2021-02-12T06:21:52.158Z] >>> [apiv2][query] GET https://firebase-public.firebaseio.com/cli.json [none]
[debug] [2021-02-12T06:21:52.180Z] > command requires scopes: ["email","openid","https://www.googleapis.com/auth/cloudplatformprojects.readonly","https://www.googleapis.com/auth/firebase","https://www.googleapis.com/auth/cloud-platform"]
[debug] [2021-02-12T06:21:52.181Z] > authorizing via signed-in user
[info] 
     ######## #### ########  ######## ########     ###     ######  ########
     ##        ##  ##     ## ##       ##     ##  ##   ##  ##       ##
     ######    ##  ########  ######   ########  #########  ######  ######
     ##        ##  ##    ##  ##       ##     ## ##     ##       ## ##
     ##       #### ##     ## ######## ########  ##     ##  ######  ########

You're about to initialize a Firebase project in this directory:

  C:\Users\HP\Desktop\tasks\cstech\cstech-frontend

[debug] [2021-02-12T06:21:53.121Z] <<< [apiv2][status] GET https://firebase-public.firebaseio.com/cli.json 200
[debug] [2021-02-12T06:21:53.122Z] <<< [apiv2][body] GET https://firebase-public.firebaseio.com/cli.json {"cloudBuildErrorAfter":1594252800000,"cloudBuildWarnAfter":1590019200000,"defaultNode10After":1594252800000,"minVersion":"3.0.5","node8DeploysDisabledAfter":1613390400000,"node8RuntimeDisabledAfter":1615809600000,"node8WarnAfter":1600128000000}
[info] 
=== Project Setup
[info] 
[info] First, let's associate this project directory with a Firebase project.
[info] You can create multiple project aliases by running firebase use --add, 
[info] but for now we'll just set up a default project.
[info] 
[info] i  If you want to create a project in a Google Cloud organization or folder, please use "firebase projects:create" instead, and return to this command when you've created the project. 
[debug] [2021-02-12T06:22:04.113Z] >>> HTTP REQUEST POST https://cloudresourcemanager.googleapis.com/v1/projects  
 {"projectId":"cstech-raja","name":"cstech-raja"}
[debug] [2021-02-12T06:22:04.730Z] <<< HTTP RESPONSE 200 {"content-type":"application/json; charset=UTF-8","vary":"X-Origin, Referer, Origin,Accept-Encoding","date":"Fri, 12 Feb 2021 06:21:57 GMT","server":"ESF","cache-control":"private","x-xss-protection":"0","x-frame-options":"SAMEORIGIN","x-content-type-options":"nosniff","server-timing":"gfet4t7; dur=400","alt-svc":"h3-29=\":443\"; ma=2592000,h3-T051=\":443\"; ma=2592000,h3-Q050=\":443\"; ma=2592000,h3-Q046=\":443\"; ma=2592000,h3-Q043=\":443\"; ma=2592000,quic=\":443\"; ma=2592000; v=\"46,43\"","accept-ranges":"none","transfer-encoding":"chunked"}
[debug] [2021-02-12T06:22:04.739Z] > refreshing access token with scopes: []
[debug] [2021-02-12T06:22:04.740Z] >>> HTTP REQUEST POST https://www.googleapis.com/oauth2/v3/token  
 <request body omitted>
[debug] [2021-02-12T06:22:05.034Z] <<< HTTP RESPONSE 200 {"date":"Fri, 12 Feb 2021 06:21:57 GMT","pragma":"no-cache","cache-control":"no-cache, no-store, max-age=0, must-revalidate","expires":"Mon, 01 Jan 1990 00:00:00 GMT","content-type":"application/json; charset=utf-8","vary":"X-Origin, Referer, Origin,Accept-Encoding","server":"scaffolding on HTTPServer2","x-xss-protection":"0","x-frame-options":"SAMEORIGIN","x-content-type-options":"nosniff","alt-svc":"h3-29=\":443\"; ma=2592000,h3-T051=\":443\"; ma=2592000,h3-Q050=\":443\"; ma=2592000,h3-Q046=\":443\"; ma=2592000,h3-Q043=\":443\"; ma=2592000,quic=\":443\"; ma=2592000; v=\"46,43\"","accept-ranges":"none","transfer-encoding":"chunked"}
[debug] [2021-02-12T06:22:05.057Z] >>> [apiv2][query] GET https://cloudresourcemanager.googleapis.com/v1/operations/cp.6246788151400362302 [none]
[debug] [2021-02-12T06:22:06.807Z] <<< [apiv2][status] GET https://cloudresourcemanager.googleapis.com/v1/operations/cp.6246788151400362302 200
[debug] [2021-02-12T06:22:06.807Z] <<< [apiv2][body] GET https://cloudresourcemanager.googleapis.com/v1/operations/cp.6246788151400362302 {"name":"operations/cp.6246788151400362302","metadata":{"@type":"type.googleapis.com/google.cloudresourcemanager.v1.ProjectCreationStatus","gettable":true}}
[debug] [2021-02-12T06:22:07.311Z] [Project Creation Poller] Retrying task index 0
[debug] [2021-02-12T06:22:07.312Z] >>> [apiv2][query] GET https://cloudresourcemanager.googleapis.com/v1/operations/cp.6246788151400362302 [none]
[debug] [2021-02-12T06:22:09.015Z] <<< [apiv2][status] GET https://cloudresourcemanager.googleapis.com/v1/operations/cp.6246788151400362302 200
[debug] [2021-02-12T06:22:09.016Z] <<< [apiv2][body] GET https://cloudresourcemanager.googleapis.com/v1/operations/cp.6246788151400362302 {"name":"operations/cp.6246788151400362302","metadata":{"@type":"type.googleapis.com/google.cloudresourcemanager.v1.ProjectCreationStatus","gettable":true,"ready":true},"done":true,"response":{"@type":"type.googleapis.com/google.cloudresourcemanager.v1.Project","projectNumber":"154314132881","projectId":"cstech-raja","lifecycleState":"ACTIVE","name":"cstech-raja","createTime":"2021-02-12T06:21:57.440Z"}}
[debug] [2021-02-12T06:22:09.026Z] > refreshing access token with scopes: ["email","https://www.googleapis.com/auth/cloud-platform","https://www.googleapis.com/auth/cloudplatformprojects.readonly","https://www.googleapis.com/auth/firebase","openid"]
[debug] [2021-02-12T06:22:09.027Z] >>> HTTP REQUEST POST https://www.googleapis.com/oauth2/v3/token  
 <request body omitted>
[debug] [2021-02-12T06:22:10.258Z] <<< HTTP RESPONSE 200 {"pragma":"no-cache","cache-control":"no-cache, no-store, max-age=0, must-revalidate","expires":"Mon, 01 Jan 1990 00:00:00 GMT","date":"Fri, 12 Feb 2021 06:22:02 GMT","content-type":"application/json; charset=utf-8","vary":"X-Origin, Referer, Origin,Accept-Encoding","server":"scaffolding on HTTPServer2","x-xss-protection":"0","x-frame-options":"SAMEORIGIN","x-content-type-options":"nosniff","alt-svc":"h3-29=\":443\"; ma=2592000,h3-T051=\":443\"; ma=2592000,h3-Q050=\":443\"; ma=2592000,h3-Q046=\":443\"; ma=2592000,h3-Q043=\":443\"; ma=2592000,quic=\":443\"; ma=2592000; v=\"46,43\"","accept-ranges":"none","transfer-encoding":"chunked"}
[debug] [2021-02-12T06:22:10.269Z] >>> HTTP REQUEST POST https://firebase.googleapis.com/v1beta1/projects/cstech-raja:addFirebase  
 
[debug] [2021-02-12T06:22:14.003Z] <<< HTTP RESPONSE 200 {"content-type":"application/json; charset=UTF-8","vary":"X-Origin, Referer, Origin,Accept-Encoding","date":"Fri, 12 Feb 2021 06:22:06 GMT","server":"ESF","cache-control":"private","x-xss-protection":"0","x-frame-options":"SAMEORIGIN","x-content-type-options":"nosniff","alt-svc":"h3-29=\":443\"; ma=2592000,h3-T051=\":443\"; ma=2592000,h3-Q050=\":443\"; ma=2592000,h3-Q046=\":443\"; ma=2592000,h3-Q043=\":443\"; ma=2592000,quic=\":443\"; ma=2592000; v=\"46,43\"","accept-ranges":"none","transfer-encoding":"chunked"}
[debug] [2021-02-12T06:22:14.007Z] > refreshing access token with scopes: []
[debug] [2021-02-12T06:22:14.008Z] >>> HTTP REQUEST POST https://www.googleapis.com/oauth2/v3/token  
 <request body omitted>
[debug] [2021-02-12T06:22:14.275Z] <<< HTTP RESPONSE 200 {"date":"Fri, 12 Feb 2021 06:22:07 GMT","pragma":"no-cache","cache-control":"no-cache, no-store, max-age=0, must-revalidate","expires":"Mon, 01 Jan 1990 00:00:00 GMT","content-type":"application/json; charset=utf-8","vary":"X-Origin, Referer, Origin,Accept-Encoding","server":"scaffolding on HTTPServer2","x-xss-protection":"0","x-frame-options":"SAMEORIGIN","x-content-type-options":"nosniff","alt-svc":"h3-29=\":443\"; ma=2592000,h3-T051=\":443\"; ma=2592000,h3-Q050=\":443\"; ma=2592000,h3-Q046=\":443\"; ma=2592000,h3-Q043=\":443\"; ma=2592000,quic=\":443\"; ma=2592000; v=\"46,43\"","accept-ranges":"none","transfer-encoding":"chunked"}
[debug] [2021-02-12T06:22:14.287Z] >>> [apiv2][query] GET https://firebase.googleapis.com/v1beta1/operations/workflows/ODIxMjE3MjctZjY5OC00YzBhLWFmNGItNzA2NzA0MzhjZjY0 [none]
[debug] [2021-02-12T06:22:15.551Z] <<< [apiv2][status] GET https://firebase.googleapis.com/v1beta1/operations/workflows/ODIxMjE3MjctZjY5OC00YzBhLWFmNGItNzA2NzA0MzhjZjY0 200
[debug] [2021-02-12T06:22:15.552Z] <<< [apiv2][body] GET https://firebase.googleapis.com/v1beta1/operations/workflows/ODIxMjE3MjctZjY5OC00YzBhLWFmNGItNzA2NzA0MzhjZjY0 {"name":"operations/workflows/ODIxMjE3MjctZjY5OC00YzBhLWFmNGItNzA2NzA0MzhjZjY0"}
[debug] [2021-02-12T06:22:16.059Z] [Add Firebase Poller] Retrying task index 0
[debug] [2021-02-12T06:22:16.060Z] >>> [apiv2][query] GET https://firebase.googleapis.com/v1beta1/operations/workflows/ODIxMjE3MjctZjY5OC00YzBhLWFmNGItNzA2NzA0MzhjZjY0 [none]
[debug] [2021-02-12T06:22:17.453Z] <<< [apiv2][status] GET https://firebase.googleapis.com/v1beta1/operations/workflows/ODIxMjE3MjctZjY5OC00YzBhLWFmNGItNzA2NzA0MzhjZjY0 200
[debug] [2021-02-12T06:22:17.454Z] <<< [apiv2][body] GET https://firebase.googleapis.com/v1beta1/operations/workflows/ODIxMjE3MjctZjY5OC00YzBhLWFmNGItNzA2NzA0MzhjZjY0 {"name":"operations/workflows/ODIxMjE3MjctZjY5OC00YzBhLWFmNGItNzA2NzA0MzhjZjY0"}
[debug] [2021-02-12T06:22:18.468Z] [Add Firebase Poller] Retrying task index 0
[debug] [2021-02-12T06:22:18.469Z] >>> [apiv2][query] GET https://firebase.googleapis.com/v1beta1/operations/workflows/ODIxMjE3MjctZjY5OC00YzBhLWFmNGItNzA2NzA0MzhjZjY0 [none]
[debug] [2021-02-12T06:22:19.740Z] <<< [apiv2][status] GET https://firebase.googleapis.com/v1beta1/operations/workflows/ODIxMjE3MjctZjY5OC00YzBhLWFmNGItNzA2NzA0MzhjZjY0 200
[debug] [2021-02-12T06:22:19.741Z] <<< [apiv2][body] GET https://firebase.googleapis.com/v1beta1/operations/workflows/ODIxMjE3MjctZjY5OC00YzBhLWFmNGItNzA2NzA0MzhjZjY0 {"name":"operations/workflows/ODIxMjE3MjctZjY5OC00YzBhLWFmNGItNzA2NzA0MzhjZjY0"}
[debug] [2021-02-12T06:22:21.743Z] [Add Firebase Poller] Retrying task index 0
[debug] [2021-02-12T06:22:21.743Z] >>> [apiv2][query] GET https://firebase.googleapis.com/v1beta1/operations/workflows/ODIxMjE3MjctZjY5OC00YzBhLWFmNGItNzA2NzA0MzhjZjY0 [none]
[debug] [2021-02-12T06:22:25.149Z] <<< [apiv2][status] GET https://firebase.googleapis.com/v1beta1/operations/workflows/ODIxMjE3MjctZjY5OC00YzBhLWFmNGItNzA2NzA0MzhjZjY0 200
[debug] [2021-02-12T06:22:25.149Z] <<< [apiv2][body] GET https://firebase.googleapis.com/v1beta1/operations/workflows/ODIxMjE3MjctZjY5OC00YzBhLWFmNGItNzA2NzA0MzhjZjY0 {"name":"operations/workflows/ODIxMjE3MjctZjY5OC00YzBhLWFmNGItNzA2NzA0MzhjZjY0","done":true,"response":{"@type":"type.googleapis.com/google.firebase.service.v1beta1.FirebaseProject","projectId":"cstech-raja","projectNumber":"154314132881","displayName":"cstech-raja","name":"projects/cstech-raja","resources":{"hostingSite":"cstech-raja"}}}
[info] 
[info] === Your Firebase project is ready! ===
[info] 
[info] Project information:
[info]    - Project ID: cstech-raja
[info]    - Project Name: cstech-raja
[info] 
[info] Firebase console is available at
[info] https://console.firebase.google.com/project/cstech-raja/overview
[info] i  Using project cstech-raja (cstech-raja) 
[info] 
=== Hosting Setup
[info] 
[info] Your public directory is the folder (relative to your project directory) that
[info] will contain Hosting assets to be uploaded with firebase deploy. If you
[info] have a build process for your assets, use your build's output directory.
[info] 
